#
# There is insufficient memory for the Java Runtime Environment to continue.
# Native memory allocation (malloc) failed to allocate 1160176 bytes for Chunk::new
# Possible reasons:
#   The system is out of physical RAM or swap space
#   In 32 bit mode, the process size limit was hit
# Possible solutions:
#   Reduce memory load on the system
#   Increase physical memory or swap space
#   Check if swap backing store is full
#   Use 64 bit Java on a 64 bit OS
#   Decrease Java heap size (-Xmx/-Xms)
#   Decrease number of Java threads
#   Decrease Java thread stack sizes (-Xss)
#   Set larger code cache with -XX:ReservedCodeCacheSize=
# This output file may be truncated or incomplete.
#
#  Out of Memory Error (allocation.cpp:390), pid=42088, tid=0x0000000000000964
#
# JRE version: Java(TM) SE Runtime Environment (8.0_191-b12) (build 1.8.0_191-b12)
# Java VM: Java HotSpot(TM) 64-Bit Server VM (25.191-b12 mixed mode windows-amd64 compressed oops)
# Failed to write core dump. Minidumps are not enabled by default on client versions of Windows
#

---------------  T H R E A D  ---------------

Current thread (0x0000000019be3800):  JavaThread "C2 CompilerThread2" daemon [_thread_in_native, id=2404, stack(0x000000001a6c0000,0x000000001a7c0000)]

Stack: [0x000000001a6c0000,0x000000001a7c0000]
[error occurred during error reporting (printing stack bounds), id 0xc0000005]

Native frames: (J=compiled Java code, j=interpreted, Vv=VM code, C=native code)


Current CompileTask:
C2:  11300 9181       4       com.android.tools.r8.ir.conversion.o::a (1157 bytes)


---------------  P R O C E S S  ---------------

Java Threads: ( => current thread )
  0x000000001f709800 JavaThread "Cache worker for execution history cache (D:\aulas_uni9_2020.2\3_noite_mobile\aula_04\.gradle\6.1.1\executionHistory)" [_thread_blocked, id=29200, stack(0x0000000027e10000,0x0000000027f10000)]
  0x000000001f708000 JavaThread "Execution worker for ':' Thread 7" [_thread_blocked, id=47844, stack(0x0000000027b10000,0x0000000027c10000)]
  0x000000001f707800 JavaThread "Execution worker for ':' Thread 6" [_thread_blocked, id=49936, stack(0x0000000027a10000,0x0000000027b10000)]
  0x000000001f706800 JavaThread "Execution worker for ':' Thread 5" [_thread_blocked, id=43812, stack(0x0000000027910000,0x0000000027a10000)]
  0x000000001f706000 JavaThread "Execution worker for ':' Thread 4" [_thread_blocked, id=8684, stack(0x0000000027810000,0x0000000027910000)]
  0x000000001f704800 JavaThread "Execution worker for ':' Thread 3" [_thread_blocked, id=28216, stack(0x0000000027710000,0x0000000027810000)]
  0x000000001f705000 JavaThread "Execution worker for ':' Thread 2" [_thread_blocked, id=47744, stack(0x0000000027610000,0x0000000027710000)]
  0x000000001f6fd000 JavaThread "Execution worker for ':'" [_thread_in_Java, id=47648, stack(0x0000000026460000,0x0000000026560000)]
  0x000000001f703800 JavaThread "Cache worker for file content cache (D:\aulas_uni9_2020.2\3_noite_mobile\aula_04\.gradle\6.1.1\fileContent)" [_thread_blocked, id=15460, stack(0x0000000025f30000,0x0000000026030000)]
  0x000000001f703000 JavaThread "Cache worker for file content cache (D:\.gradle\caches\6.1.1\fileContent)" [_thread_blocked, id=48952, stack(0x0000000025e30000,0x0000000025f30000)]
  0x000000001f6fb800 JavaThread "Memory manager" [_thread_blocked, id=35668, stack(0x0000000025480000,0x0000000025580000)]
  0x000000001f702000 JavaThread "Cache worker for Build Output Cleanup Cache (D:\aulas_uni9_2020.2\3_noite_mobile\aula_04\.gradle\buildOutputCleanup)" [_thread_blocked, id=39324, stack(0x00000000240b0000,0x00000000241b0000)]
  0x000000001f6fa800 JavaThread "Build operations Thread 8" [_thread_blocked, id=50700, stack(0x0000000024d80000,0x0000000024e80000)]
  0x000000001f701800 JavaThread "Build operations Thread 7" [_thread_blocked, id=44352, stack(0x0000000024c80000,0x0000000024d80000)]
  0x000000001f6fe800 JavaThread "Build operations Thread 6" [_thread_blocked, id=45016, stack(0x0000000024b80000,0x0000000024c80000)]
  0x000000001f6ff000 JavaThread "Build operations Thread 5" [_thread_blocked, id=45308, stack(0x0000000024a80000,0x0000000024b80000)]
  0x000000001f700800 JavaThread "Build operations Thread 4" [_thread_blocked, id=42616, stack(0x0000000024980000,0x0000000024a80000)]
  0x000000001f6fd800 JavaThread "Build operations Thread 3" [_thread_blocked, id=46632, stack(0x0000000024880000,0x0000000024980000)]
  0x000000001f700000 JavaThread "Build operations Thread 2" [_thread_blocked, id=35792, stack(0x0000000024780000,0x0000000024880000)]
  0x000000001f6fc000 JavaThread "Build operations" [_thread_blocked, id=49104, stack(0x0000000024680000,0x0000000024780000)]
  0x000000001c7e3000 JavaThread "Cache worker for execution history cache (D:\.gradle\caches\6.1.1\executionHistory)" [_thread_blocked, id=44788, stack(0x00000000225e0000,0x00000000226e0000)]
  0x000000001c7e1800 JavaThread "Cache worker for cache directory md-rule (D:\.gradle\caches\6.1.1\md-rule)" [_thread_blocked, id=28280, stack(0x0000000021240000,0x0000000021340000)]
  0x000000001c7e7800 JavaThread "Cache worker for cache directory md-supplier (D:\.gradle\caches\6.1.1\md-supplier)" [_thread_blocked, id=37508, stack(0x0000000020ea0000,0x0000000020fa0000)]
  0x000000001c7e6800 JavaThread "Cache worker for file hash cache (D:\aulas_uni9_2020.2\3_noite_mobile\aula_04\.gradle\6.1.1\fileHashes)" [_thread_blocked, id=47736, stack(0x0000000021140000,0x0000000021240000)]
  0x000000001c7e6000 JavaThread "Cache worker for checksums cache (D:\aulas_uni9_2020.2\3_noite_mobile\aula_04\.gradle\checksums)" [_thread_blocked, id=38596, stack(0x0000000021040000,0x0000000021140000)]
  0x000000001c7e2000 JavaThread "Cache worker for file hash cache (D:\.gradle\caches\6.1.1\fileHashes)" [_thread_blocked, id=20452, stack(0x000000001ea00000,0x000000001eb00000)]
  0x000000001c7e8000 JavaThread "File lock request listener" [_thread_in_native, id=33088, stack(0x000000001e900000,0x000000001ea00000)]
  0x000000001c7e3800 JavaThread "Cache worker for journal cache (D:\.gradle\caches\journal-1)" [_thread_blocked, id=47516, stack(0x000000001e800000,0x000000001e900000)]
  0x000000001c65e800 JavaThread "Thread-9" [_thread_blocked, id=45072, stack(0x000000001e500000,0x000000001e600000)]
  0x000000001c659800 JavaThread "Stdin handler" [_thread_blocked, id=48328, stack(0x000000001e400000,0x000000001e500000)]
  0x000000001c654000 JavaThread "Asynchronous log dispatcher for DefaultDaemonConnection: socket connection from /127.0.0.1:49494 to /127.0.0.1:49495" [_thread_blocked, id=47368, stack(0x000000001e200000,0x000000001e300000)]
  0x000000001c6ee800 JavaThread "Daemon worker" [_thread_blocked, id=30588, stack(0x000000001e100000,0x000000001e200000)]
  0x000000001c6e9800 JavaThread "Cancel handler" [_thread_blocked, id=27020, stack(0x000000001e000000,0x000000001e100000)]
  0x000000001c6c8000 JavaThread "Handler for socket connection from /127.0.0.1:49494 to /127.0.0.1:49495" [_thread_in_native, id=43816, stack(0x000000001dd00000,0x000000001de00000)]
  0x000000001c64f800 JavaThread "Daemon" [_thread_blocked, id=14520, stack(0x000000001dc00000,0x000000001dd00000)]
  0x000000001c650000 JavaThread "Daemon periodic checks" [_thread_blocked, id=44140, stack(0x000000001db00000,0x000000001dc00000)]
  0x000000001c622000 JavaThread "Incoming local TCP Connector on port 49494" [_thread_in_native, id=30256, stack(0x000000001d8a0000,0x000000001d9a0000)]
  0x000000001c568000 JavaThread "Daemon health stats" [_thread_blocked, id=41620, stack(0x000000001d260000,0x000000001d360000)]
  0x0000000019c7e000 JavaThread "Service Thread" daemon [_thread_blocked, id=41308, stack(0x000000001a8c0000,0x000000001a9c0000)]
  0x0000000019be8000 JavaThread "C1 CompilerThread3" daemon [_thread_in_native, id=41764, stack(0x000000001a7c0000,0x000000001a8c0000)]
=>0x0000000019be3800 JavaThread "C2 CompilerThread2" daemon [_thread_in_native, id=2404, stack(0x000000001a6c0000,0x000000001a7c0000)]
  0x0000000019be3000 JavaThread "C2 CompilerThread1" daemon [_thread_in_native, id=18712, stack(0x000000001a5c0000,0x000000001a6c0000)]
  0x0000000019bdd000 JavaThread "C2 CompilerThread0" daemon [_thread_in_native, id=43200, stack(0x000000001a4c0000,0x000000001a5c0000)]
  0x0000000019bda800 JavaThread "Attach Listener" daemon [_thread_blocked, id=41440, stack(0x000000001a3c0000,0x000000001a4c0000)]
  0x0000000019bda000 JavaThread "Signal Dispatcher" daemon [_thread_blocked, id=46480, stack(0x000000001a2c0000,0x000000001a3c0000)]
  0x0000000017dd3800 JavaThread "Finalizer" daemon [_thread_blocked, id=2456, stack(0x000000001a0b0000,0x000000001a1b0000)]
  0x0000000017dcc800 JavaThread "Reference Handler" daemon [_thread_blocked, id=12100, stack(0x0000000019fb0000,0x000000001a0b0000)]
  0x0000000002c5e800 JavaThread "main" [_thread_blocked, id=14280, stack(0x0000000002a80000,0x0000000002b80000)]

Other Threads:
  0x0000000017dc8800 VMThread [stack: 0x0000000019ab0000,0x0000000019bb0000] [id=21844]
  0x0000000019c99000 WatcherThread [stack: 0x000000001a9c0000,0x000000001aac0000] [id=24756]

VM state:not at safepoint (normal execution)

VM Mutex/Monitor currently owned by a thread: None

Heap:
 PSYoungGen      total 252416K, used 111265K [0x00000000d5580000, 0x00000000e9900000, 0x0000000100000000)
  eden space 229888K, 38% used [0x00000000d5580000,0x00000000dac2d770,0x00000000e3600000)
  from space 22528K, 99% used [0x00000000e3600000,0x00000000e4bfb040,0x00000000e4c00000)
  to   space 27648K, 0% used [0x00000000e7e00000,0x00000000e7e00000,0x00000000e9900000)
 ParOldGen       total 236544K, used 38662K [0x0000000080000000, 0x000000008e700000, 0x00000000d5580000)
  object space 236544K, 16% used [0x0000000080000000,0x00000000825c18c8,0x000000008e700000)
 Metaspace       used 69457K, capacity 73050K, committed 73216K, reserved 1112064K
  class space    used 9817K, capacity 10478K, committed 10496K, reserved 1048576K

Card table byte_map: [0x0000000012120000,0x0000000012530000] byte_map_base: 0x0000000011d20000

Marking Bits: (ParMarkBitMap*) 0x00000000517c3e30
 Begin Bits: [0x0000000012fe0000, 0x0000000014fe0000)
 End Bits:   [0x0000000014fe0000, 0x0000000016fe0000)

Polling page: 0x00000000011f0000

CodeCache: size=245760Kb used=28163Kb max_used=28406Kb free=217596Kb
 bounds [0x0000000002d60000, 0x0000000004940000, 0x0000000011d60000]
 total_blobs=9363 nmethods=8555 adapters=718
 compilation: enabled

Compilation events (10 events):
Event: 11.281 Thread 0x0000000019be8000 nmethod 9603 0x0000000003bf1410 code [0x0000000003bf1560, 0x0000000003bf1670]
Event: 11.281 Thread 0x0000000019be8000 9604       2       com.android.tools.r8.u.b.h::a (314 bytes)
Event: 11.283 Thread 0x0000000019be8000 nmethod 9604 0x0000000003e6a390 code [0x0000000003e6a6a0, 0x0000000003e6b498]
Event: 11.283 Thread 0x0000000019be8000 9605       2       com.android.tools.r8.ir.optimize.c0::<init> (40 bytes)
Event: 11.283 Thread 0x0000000019be8000 nmethod 9605 0x00000000037e0350 code [0x00000000037e04a0, 0x00000000037e0610]
Event: 11.283 Thread 0x0000000019be8000 9606       2       java.util.ArrayDeque::doubleCapacity (108 bytes)
Event: 11.284 Thread 0x0000000019be8000 nmethod 9606 0x000000000362e150 code [0x000000000362e2e0, 0x000000000362e748]
Event: 11.284 Thread 0x0000000019be8000 9608       2       com.android.tools.r8.u.b.e0::I2 (44 bytes)
Event: 11.285 Thread 0x0000000019be8000 nmethod 9608 0x000000000382cd10 code [0x000000000382ce80, 0x000000000382d028]
Event: 11.286 Thread 0x0000000019be8000 9609       2       com.android.tools.r8.ir.optimize.l::n (1868 bytes)

GC Heap History (10 events):
Event: 4.117 GC heap before
{Heap before GC invocations=8 (full 2):
 PSYoungGen      total 173056K, used 6985K [0x00000000d5580000, 0x00000000e5080000, 0x0000000100000000)
  eden space 159232K, 0% used [0x00000000d5580000,0x00000000d5580000,0x00000000df100000)
  from space 13824K, 50% used [0x00000000dfe00000,0x00000000e04d25d0,0x00000000e0b80000)
  to   space 13312K, 0% used [0x00000000df100000,0x00000000df100000,0x00000000dfe00000)
 ParOldGen       total 109568K, used 11619K [0x0000000080000000, 0x0000000086b00000, 0x00000000d5580000)
  object space 109568K, 10% used [0x0000000080000000,0x0000000080b58ea0,0x0000000086b00000)
 Metaspace       used 34611K, capacity 35472K, committed 35496K, reserved 1079296K
  class space    used 4868K, capacity 5101K, committed 5120K, reserved 1048576K
Event: 4.191 GC heap after
Heap after GC invocations=8 (full 2):
 PSYoungGen      total 173056K, used 0K [0x00000000d5580000, 0x00000000e5080000, 0x0000000100000000)
  eden space 159232K, 0% used [0x00000000d5580000,0x00000000d5580000,0x00000000df100000)
  from space 13824K, 0% used [0x00000000dfe00000,0x00000000dfe00000,0x00000000e0b80000)
  to   space 13312K, 0% used [0x00000000df100000,0x00000000df100000,0x00000000dfe00000)
 ParOldGen       total 158720K, used 13578K [0x0000000080000000, 0x0000000089b00000, 0x00000000d5580000)
  object space 158720K, 8% used [0x0000000080000000,0x0000000080d42a80,0x0000000089b00000)
 Metaspace       used 34611K, capacity 35472K, committed 35496K, reserved 1079296K
  class space    used 4868K, capacity 5101K, committed 5120K, reserved 1048576K
}
Event: 5.736 GC heap before
{Heap before GC invocations=9 (full 2):
 PSYoungGen      total 173056K, used 159232K [0x00000000d5580000, 0x00000000e5080000, 0x0000000100000000)
  eden space 159232K, 100% used [0x00000000d5580000,0x00000000df100000,0x00000000df100000)
  from space 13824K, 0% used [0x00000000dfe00000,0x00000000dfe00000,0x00000000e0b80000)
  to   space 13312K, 0% used [0x00000000df100000,0x00000000df100000,0x00000000dfe00000)
 ParOldGen       total 158720K, used 13578K [0x0000000080000000, 0x0000000089b00000, 0x00000000d5580000)
  object space 158720K, 8% used [0x0000000080000000,0x0000000080d42a80,0x0000000089b00000)
 Metaspace       used 49193K, capacity 50772K, committed 50944K, reserved 1093632K
  class space    used 6748K, capacity 7108K, committed 7168K, reserved 1048576K
Event: 5.753 GC heap after
Heap after GC invocations=9 (full 2):
 PSYoungGen      total 172544K, used 13294K [0x00000000d5580000, 0x00000000e5e00000, 0x0000000100000000)
  eden space 159232K, 0% used [0x00000000d5580000,0x00000000d5580000,0x00000000df100000)
  from space 13312K, 99% used [0x00000000df100000,0x00000000dfdfba68,0x00000000dfe00000)
  to   space 18432K, 0% used [0x00000000e4c00000,0x00000000e4c00000,0x00000000e5e00000)
 ParOldGen       total 158720K, used 20176K [0x0000000080000000, 0x0000000089b00000, 0x00000000d5580000)
  object space 158720K, 12% used [0x0000000080000000,0x00000000813b4130,0x0000000089b00000)
 Metaspace       used 49193K, capacity 50772K, committed 50944K, reserved 1093632K
  class space    used 6748K, capacity 7108K, committed 7168K, reserved 1048576K
}
Event: 6.765 GC heap before
{Heap before GC invocations=10 (full 2):
 PSYoungGen      total 172544K, used 119259K [0x00000000d5580000, 0x00000000e5e00000, 0x0000000100000000)
  eden space 159232K, 66% used [0x00000000d5580000,0x00000000dbcfb1c0,0x00000000df100000)
  from space 13312K, 99% used [0x00000000df100000,0x00000000dfdfba68,0x00000000dfe00000)
  to   space 18432K, 0% used [0x00000000e4c00000,0x00000000e4c00000,0x00000000e5e00000)
 ParOldGen       total 158720K, used 20176K [0x0000000080000000, 0x0000000089b00000, 0x00000000d5580000)
  object space 158720K, 12% used [0x0000000080000000,0x00000000813b4130,0x0000000089b00000)
 Metaspace       used 57051K, capacity 59110K, committed 59136K, reserved 1099776K
  class space    used 8014K, capacity 8440K, committed 8448K, reserved 1048576K
Event: 6.785 GC heap after
Heap after GC invocations=10 (full 2):
 PSYoungGen      total 248320K, used 18431K [0x00000000d5580000, 0x00000000e6300000, 0x0000000100000000)
  eden space 229888K, 0% used [0x00000000d5580000,0x00000000d5580000,0x00000000e3600000)
  from space 18432K, 99% used [0x00000000e4c00000,0x00000000e5dffd40,0x00000000e5e00000)
  to   space 22528K, 0% used [0x00000000e3600000,0x00000000e3600000,0x00000000e4c00000)
 ParOldGen       total 158720K, used 23418K [0x0000000080000000, 0x0000000089b00000, 0x00000000d5580000)
  object space 158720K, 14% used [0x0000000080000000,0x00000000816debe8,0x0000000089b00000)
 Metaspace       used 57051K, capacity 59110K, committed 59136K, reserved 1099776K
  class space    used 8014K, capacity 8440K, committed 8448K, reserved 1048576K
}
Event: 6.785 GC heap before
{Heap before GC invocations=11 (full 3):
 PSYoungGen      total 248320K, used 18431K [0x00000000d5580000, 0x00000000e6300000, 0x0000000100000000)
  eden space 229888K, 0% used [0x00000000d5580000,0x00000000d5580000,0x00000000e3600000)
  from space 18432K, 99% used [0x00000000e4c00000,0x00000000e5dffd40,0x00000000e5e00000)
  to   space 22528K, 0% used [0x00000000e3600000,0x00000000e3600000,0x00000000e4c00000)
 ParOldGen       total 158720K, used 23418K [0x0000000080000000, 0x0000000089b00000, 0x00000000d5580000)
  object space 158720K, 14% used [0x0000000080000000,0x00000000816debe8,0x0000000089b00000)
 Metaspace       used 57051K, capacity 59110K, committed 59136K, reserved 1099776K
  class space    used 8014K, capacity 8440K, committed 8448K, reserved 1048576K
Event: 6.967 GC heap after
Heap after GC invocations=11 (full 3):
 PSYoungGen      total 248320K, used 0K [0x00000000d5580000, 0x00000000e6300000, 0x0000000100000000)
  eden space 229888K, 0% used [0x00000000d5580000,0x00000000d5580000,0x00000000e3600000)
  from space 18432K, 0% used [0x00000000e4c00000,0x00000000e4c00000,0x00000000e5e00000)
  to   space 22528K, 0% used [0x00000000e3600000,0x00000000e3600000,0x00000000e4c00000)
 ParOldGen       total 236544K, used 33566K [0x0000000080000000, 0x000000008e700000, 0x00000000d5580000)
  object space 236544K, 14% used [0x0000000080000000,0x00000000820c79f0,0x000000008e700000)
 Metaspace       used 57022K, capacity 59014K, committed 59136K, reserved 1099776K
  class space    used 8005K, capacity 8424K, committed 8448K, reserved 1048576K
}
Event: 10.087 GC heap before
{Heap before GC invocations=12 (full 3):
 PSYoungGen      total 248320K, used 229888K [0x00000000d5580000, 0x00000000e6300000, 0x0000000100000000)
  eden space 229888K, 100% used [0x00000000d5580000,0x00000000e3600000,0x00000000e3600000)
  from space 18432K, 0% used [0x00000000e4c00000,0x00000000e4c00000,0x00000000e5e00000)
  to   space 22528K, 0% used [0x00000000e3600000,0x00000000e3600000,0x00000000e4c00000)
 ParOldGen       total 236544K, used 33566K [0x0000000080000000, 0x000000008e700000, 0x00000000d5580000)
  object space 236544K, 14% used [0x0000000080000000,0x00000000820c79f0,0x000000008e700000)
 Metaspace       used 67969K, capacity 71420K, committed 71552K, reserved 1110016K
  class space    used 9683K, capacity 10329K, committed 10368K, reserved 1048576K
Event: 10.117 GC heap after
Heap after GC invocations=12 (full 3):
 PSYoungGen      total 252416K, used 22508K [0x00000000d5580000, 0x00000000e9900000, 0x0000000100000000)
  eden space 229888K, 0% used [0x00000000d5580000,0x00000000d5580000,0x00000000e3600000)
  from space 22528K, 99% used [0x00000000e3600000,0x00000000e4bfb040,0x00000000e4c00000)
  to   space 27648K, 0% used [0x00000000e7e00000,0x00000000e7e00000,0x00000000e9900000)
 ParOldGen       total 236544K, used 38662K [0x0000000080000000, 0x000000008e700000, 0x00000000d5580000)
  object space 236544K, 16% used [0x0000000080000000,0x00000000825c18c8,0x000000008e700000)
 Metaspace       used 67969K, capacity 71420K, committed 71552K, reserved 1110016K
  class space    used 9683K, capacity 10329K, committed 10368K, reserved 1048576K
}

Deoptimization events (10 events):
Event: 10.887 Thread 0x000000001f6fd000 Uncommon trap: reason=bimorphic action=maybe_recompile pc=0x000000000473be20 method=com.android.tools.r8.u.a.i.e.b(Lcom/android/tools/r8/u/b/h0;)V @ 43
Event: 10.891 Thread 0x000000001f6fd000 Uncommon trap: reason=class_check action=maybe_recompile pc=0x000000000473c018 method=com.android.tools.r8.u.a.i.e.b(Lcom/android/tools/r8/u/b/h0;)V @ 236
Event: 10.891 Thread 0x000000001f6fd000 Uncommon trap: reason=class_check action=maybe_recompile pc=0x000000000473c018 method=com.android.tools.r8.u.a.i.e.b(Lcom/android/tools/r8/u/b/h0;)V @ 236
Event: 10.891 Thread 0x000000001f6fd000 Uncommon trap: reason=class_check action=maybe_recompile pc=0x000000000473c018 method=com.android.tools.r8.u.a.i.e.b(Lcom/android/tools/r8/u/b/h0;)V @ 236
Event: 10.912 Thread 0x000000001f6fd000 Uncommon trap: reason=bimorphic action=maybe_recompile pc=0x000000000461a638 method=com.android.tools.r8.u.b.o1.a(Lcom/android/tools/r8/ir/analysis/type/u;)Lcom/android/tools/r8/u/b/o1; @ 23
Event: 10.912 Thread 0x000000001f6fd000 Uncommon trap: reason=bimorphic action=maybe_recompile pc=0x000000000461a638 method=com.android.tools.r8.u.b.o1.a(Lcom/android/tools/r8/ir/analysis/type/u;)Lcom/android/tools/r8/u/b/o1; @ 23
Event: 10.912 Thread 0x000000001f6fd000 Uncommon trap: reason=bimorphic action=maybe_recompile pc=0x0000000004437494 method=com.android.tools.r8.u.b.o1.a(Lcom/android/tools/r8/ir/analysis/type/u;)Lcom/android/tools/r8/u/b/o1; @ 12
Event: 10.936 Thread 0x000000001f6fd000 Uncommon trap: reason=unstable_if action=reinterpret pc=0x00000000037e2cec method=java.util.HashMap.getNode(ILjava/lang/Object;)Ljava/util/HashMap$Node; @ 84
Event: 10.936 Thread 0x000000001f6fd000 Uncommon trap: reason=unstable_if action=reinterpret pc=0x00000000037a02f8 method=java.util.HashMap.putVal(ILjava/lang/Object;Ljava/lang/Object;ZZ)Ljava/lang/Object; @ 109
Event: 10.936 Thread 0x000000001f6fd000 Uncommon trap: reason=unstable_if action=reinterpret pc=0x00000000039dfd38 method=java.util.HashMap.getNode(ILjava/lang/Object;)Ljava/util/HashMap$Node; @ 84

Classes redefined (0 events):
No events

Internal exceptions (10 events):
Event: 8.797 Thread 0x000000001f706000 Exception <a 'sun/nio/fs/WindowsException'> (0x00000000dda54690) thrown at [C:\re\workspace\8-2-build-windows-amd64-cygwin\jdk8u191\11896\hotspot\src\share\vm\prims\jni.cpp, line 709]
Event: 8.802 Thread 0x000000001f706000 Exception <a 'sun/nio/fs/WindowsException'> (0x00000000dda92e98) thrown at [C:\re\workspace\8-2-build-windows-amd64-cygwin\jdk8u191\11896\hotspot\src\share\vm\prims\jni.cpp, line 709]
Event: 8.802 Thread 0x000000001f706000 Exception <a 'sun/nio/fs/WindowsException'> (0x00000000dda93b58) thrown at [C:\re\workspace\8-2-build-windows-amd64-cygwin\jdk8u191\11896\hotspot\src\share\vm\prims\jni.cpp, line 709]
Event: 8.802 Thread 0x000000001f706000 Exception <a 'sun/nio/fs/WindowsException'> (0x00000000dda94888) thrown at [C:\re\workspace\8-2-build-windows-amd64-cygwin\jdk8u191\11896\hotspot\src\share\vm\prims\jni.cpp, line 709]
Event: 8.802 Thread 0x000000001f706000 Exception <a 'sun/nio/fs/WindowsException'> (0x00000000dda96938) thrown at [C:\re\workspace\8-2-build-windows-amd64-cygwin\jdk8u191\11896\hotspot\src\share\vm\prims\jni.cpp, line 709]
Event: 8.802 Thread 0x000000001f706000 Exception <a 'sun/nio/fs/WindowsException'> (0x00000000dda97608) thrown at [C:\re\workspace\8-2-build-windows-amd64-cygwin\jdk8u191\11896\hotspot\src\share\vm\prims\jni.cpp, line 709]
Event: 8.803 Thread 0x000000001f706000 Exception <a 'sun/nio/fs/WindowsException'> (0x00000000dda98348) thrown at [C:\re\workspace\8-2-build-windows-amd64-cygwin\jdk8u191\11896\hotspot\src\share\vm\prims\jni.cpp, line 709]
Event: 9.051 Thread 0x000000001f6fd000 Exception <a 'java/lang/NoSuchMethodError': java.lang.Object.lambda$static$0(Ljava/lang/String;)Z> (0x00000000de92da70) thrown at [C:\re\workspace\8-2-build-windows-amd64-cygwin\jdk8u191\11896\hotspot\src\share\vm\interpreter\linkResolver.cpp, line 620]
Event: 9.173 Thread 0x000000001f6fd000 Exception <a 'sun/nio/fs/WindowsException'> (0x00000000dfb76df0) thrown at [C:\re\workspace\8-2-build-windows-amd64-cygwin\jdk8u191\11896\hotspot\src\share\vm\prims\jni.cpp, line 709]
Event: 9.733 Thread 0x000000001f6fd000 Exception <a 'java/lang/NoSuchMethodError': java.lang.Object.lambda$maxBy$1(Ljava/util/Comparator;Ljava/lang/Object;Ljava/lang/Object;)Ljava/lang/Object;> (0x00000000e2a12938) thrown at [C:\re\workspace\8-2-build-windows-amd64-cygwin\jdk8u191\11896\hotspo

Events (10 events):
Event: 11.206 Thread 0x0000000019be8000 flushing nmethod 0x0000000003e6a390
Event: 11.206 Thread 0x0000000019be8000 flushing nmethod 0x0000000003f14110
Event: 11.206 Thread 0x0000000019be8000 flushing nmethod 0x0000000003f27850
Event: 11.208 Thread 0x0000000019be8000 flushing nmethod 0x0000000003f38250
Event: 11.208 Thread 0x0000000019be8000 flushing nmethod 0x0000000003f39d90
Event: 11.208 Thread 0x0000000019be8000 flushing nmethod 0x0000000003f53190
Event: 11.208 Thread 0x0000000019be8000 flushing nmethod 0x0000000003f6f950
Event: 11.208 Thread 0x0000000019be8000 flushing nmethod 0x0000000003f72150
Event: 11.208 Thread 0x0000000019be8000 flushing nmethod 0x0000000003f90350
Event: 11.208 Thread 0x0000000019be8000 flushing nmethod 0x0000000003fb8050


Dynamic libraries:
0x00007ff68db10000 - 0x00007ff68db47000 	C:\Program Files\Java\jdk1.8.0_191\bin\java.exe
0x00007ff891310000 - 0x00007ff891505000 	C:\WINDOWS\SYSTEM32\ntdll.dll
0x00007ff88fb10000 - 0x00007ff88fbcd000 	C:\WINDOWS\System32\KERNEL32.DLL
0x00007ff88eba0000 - 0x00007ff88ee67000 	C:\WINDOWS\System32\KERNELBASE.dll
0x00007ff88fbd0000 - 0x00007ff88fc7a000 	C:\WINDOWS\System32\ADVAPI32.dll
0x00007ff890360000 - 0x00007ff8903fe000 	C:\WINDOWS\System32\msvcrt.dll
0x00007ff8900f0000 - 0x00007ff89018b000 	C:\WINDOWS\System32\sechost.dll
0x00007ff890e60000 - 0x00007ff890f84000 	C:\WINDOWS\System32\RPCRT4.dll
0x00007ff891130000 - 0x00007ff8912d0000 	C:\WINDOWS\System32\USER32.dll
0x00007ff88ef80000 - 0x00007ff88efa2000 	C:\WINDOWS\System32\win32u.dll
0x00007ff890d80000 - 0x00007ff890daa000 	C:\WINDOWS\System32\GDI32.dll
0x00007ff88f160000 - 0x00007ff88f269000 	C:\WINDOWS\System32\gdi32full.dll
0x00007ff88ea50000 - 0x00007ff88eaed000 	C:\WINDOWS\System32\msvcp_win.dll
0x00007ff88f270000 - 0x00007ff88f370000 	C:\WINDOWS\System32\ucrtbase.dll
0x00007ff87e400000 - 0x00007ff87e69b000 	C:\WINDOWS\WinSxS\amd64_microsoft.windows.common-controls_6595b64144ccf1df_6.0.19041.488_none_ca04af081b815d21\COMCTL32.dll
0x00007ff88fae0000 - 0x00007ff88fb10000 	C:\WINDOWS\System32\IMM32.DLL
0x0000000052ef0000 - 0x0000000052fc2000 	C:\Program Files\Java\jdk1.8.0_191\jre\bin\msvcr100.dll
0x0000000050fa0000 - 0x0000000051844000 	C:\Program Files\Java\jdk1.8.0_191\jre\bin\server\jvm.dll
0x00007ff890350000 - 0x00007ff890358000 	C:\WINDOWS\System32\PSAPI.DLL
0x00007ff880480000 - 0x00007ff8804a7000 	C:\WINDOWS\SYSTEM32\WINMM.dll
0x00007ff874800000 - 0x00007ff874809000 	C:\WINDOWS\SYSTEM32\WSOCK32.dll
0x00007ff891060000 - 0x00007ff8910cb000 	C:\WINDOWS\System32\WS2_32.dll
0x00007ff884f90000 - 0x00007ff884f9a000 	C:\WINDOWS\SYSTEM32\VERSION.dll
0x00000000538b0000 - 0x00000000538bf000 	C:\Program Files\Java\jdk1.8.0_191\jre\bin\verify.dll
0x0000000053230000 - 0x0000000053259000 	C:\Program Files\Java\jdk1.8.0_191\jre\bin\java.dll
0x00000000533f0000 - 0x0000000053406000 	C:\Program Files\Java\jdk1.8.0_191\jre\bin\zip.dll
0x00007ff890630000 - 0x00007ff890d71000 	C:\WINDOWS\System32\SHELL32.dll
0x00007ff88c7e0000 - 0x00007ff88cf73000 	C:\WINDOWS\SYSTEM32\windows.storage.dll
0x00007ff88f3f0000 - 0x00007ff88f745000 	C:\WINDOWS\System32\combase.dll
0x00007ff88e4c0000 - 0x00007ff88e4ec000 	C:\WINDOWS\SYSTEM32\Wldp.dll
0x00007ff890400000 - 0x00007ff8904ae000 	C:\WINDOWS\System32\SHCORE.dll
0x00007ff8902f0000 - 0x00007ff890345000 	C:\WINDOWS\System32\shlwapi.dll
0x00007ff88e980000 - 0x00007ff88e9a6000 	C:\WINDOWS\SYSTEM32\profapi.dll
0x0000000053210000 - 0x000000005322a000 	C:\Program Files\Java\jdk1.8.0_191\jre\bin\net.dll
0x00007ff88e240000 - 0x00007ff88e2aa000 	C:\WINDOWS\system32\mswsock.dll
0x00000000531f0000 - 0x0000000053201000 	C:\Program Files\Java\jdk1.8.0_191\jre\bin\nio.dll
0x00007ff862450000 - 0x00007ff862476000 	D:\.gradle\native\31\windows-amd64\native-platform.dll
0x00000000538a0000 - 0x00000000538ad000 	C:\Program Files\Java\jdk1.8.0_191\jre\bin\management.dll
0x00007ff88e420000 - 0x00007ff88e438000 	C:\WINDOWS\SYSTEM32\CRYPTSP.dll
0x00007ff88db60000 - 0x00007ff88db94000 	C:\WINDOWS\system32\rsaenh.dll
0x00007ff88ee70000 - 0x00007ff88ee97000 	C:\WINDOWS\System32\bcrypt.dll
0x00007ff88e940000 - 0x00007ff88e96e000 	C:\WINDOWS\SYSTEM32\USERENV.dll
0x00007ff88eea0000 - 0x00007ff88ef1f000 	C:\WINDOWS\System32\bcryptprimitives.dll
0x00007ff88e410000 - 0x00007ff88e41c000 	C:\WINDOWS\SYSTEM32\CRYPTBASE.dll
0x00007ff88dee0000 - 0x00007ff88df1b000 	C:\WINDOWS\SYSTEM32\IPHLPAPI.DLL
0x00007ff88fad0000 - 0x00007ff88fad9000 	C:\WINDOWS\System32\NSI.dll
0x00007ff883740000 - 0x00007ff883757000 	C:\WINDOWS\SYSTEM32\dhcpcsvc6.DLL
0x00007ff883720000 - 0x00007ff88373d000 	C:\WINDOWS\SYSTEM32\dhcpcsvc.DLL
0x00007ff88df20000 - 0x00007ff88dfeb000 	C:\WINDOWS\SYSTEM32\DNSAPI.dll

VM Arguments:
jvm_args: -Xmx2048m -Dfile.encoding=windows-1252 -Duser.country=BR -Duser.language=pt -Duser.variant 
java_command: org.gradle.launcher.daemon.bootstrap.GradleDaemon 6.1.1
java_class_path (initial): D:\.gradle\wrapper\dists\gradle-6.1.1-all\cfmwm155h49vnt3hynmlrsdst\gradle-6.1.1\lib\gradle-launcher-6.1.1.jar
Launcher Type: SUN_STANDARD

Environment Variables:
JAVA_HOME=C:\Program Files\Java\jdk1.8.0_191
USERNAME=souza
OS=Windows_NT
PROCESSOR_IDENTIFIER=Intel64 Family 6 Model 142 Stepping 10, GenuineIntel



---------------  S Y S T E M  ---------------

OS: Windows 10.0 , 64 bit Build 19041 (10.0.19041.292)

CPU:total 8 (initial active 8) (4 cores per cpu, 2 threads per core) family 6 model 142 stepping 10, cmov, cx8, fxsr, mmx, sse, sse2, sse3, ssse3, sse4.1, sse4.2, popcnt, avx, avx2, aes, clmul, erms, 3dnowpref, lzcnt, ht, tsc, tscinvbit, bmi1, bmi2, adx

Memory: 4k page, physical 16671956k(4829012k free), swap 18769108k(5164k free)

vm_info: Java HotSpot(TM) 64-Bit Server VM (25.191-b12) for windows-amd64 JRE (1.8.0_191-b12), built on Oct  6 2018 09:29:03 by "java_re" with MS VC++ 10.0 (VS2010)

time: Tue Sep 15 21:27:55 2020
elapsed time: 11 seconds (0d 0h 0m 11s)

